<?xml version="1.0" encoding="UTF-8"?>
<!-- Generated by org.testng.reporters.JUnitReportReporter -->
<testsuite skipped="0" hostname="PS-RD-MP1441DA" name="testNG.TestNgTest1" tests="1" failures="0" timestamp="2020-02-22T10:29:32 IST" time="0.034" errors="0">
  <testcase name="f" time="0.034" classname="testNG.TestNgTest1"/>
</testsuite> <!-- testNG.TestNgTest1 -->
