<?xml version="1.0" encoding="UTF-8"?>
<!-- Generated by org.testng.reporters.JUnitReportReporter -->
<testsuite hostname="PS-RD-MP1441DA" name="testNG.TestNgTest1" tests="1" failures="0" timestamp="18 Feb 2020 16:03:13 GMT" time="0.017" errors="0">
  <testcase name="f" time="0.017" classname="testNG.TestNgTest1"/>
</testsuite> <!-- testNG.TestNgTest1 -->
